  Bee.cpp
  BlackPepper.cpp
  Bubble.cpp
  Cat.cpp
  Coconut.cpp
  Coin.cpp
  Cow.cpp
  Empty.cpp
  Fish.cpp
  Flower.cpp
  Goldegg.cpp
  Goose.cpp
D:\luckhome\luckyhome\luckyhome\Goose.cpp(20,19): warning C4244: “参数”: 从“time_t”转换到“unsigned int”，可能丢失数据
  GreenPepper.cpp
  Halfcoconut.cpp
  Hugetreasure.cpp
  Key.cpp
  Lockbox.cpp
  LockRemover.cpp
D:\luckhome\luckyhome\luckyhome\LockRemover.cpp(28,30): warning C4244: “参数”: 从“time_t”转换到“unsigned int”，可能丢失数据
D:\luckhome\luckyhome\luckyhome\LockRemover.cpp(50,30): warning C4244: “参数”: 从“time_t”转换到“unsigned int”，可能丢失数据
D:\luckhome\luckyhome\luckyhome\LockRemover.cpp(72,30): warning C4244: “参数”: 从“time_t”转换到“unsigned int”，可能丢失数据
D:\luckhome\luckyhome\luckyhome\LockRemover.cpp(94,30): warning C4244: “参数”: 从“time_t”转换到“unsigned int”，可能丢失数据
  Magickey.cpp
  Milk.cpp
  正在生成代码...
  正在编译...
  Monkey.cpp
  MonkeyOlivander.cpp
  Pearl.h
  Position.cpp
D:\luckhome\luckyhome\luckyhome\Thing.h(24,11): error C3646: “positions”: 未知重写说明符
  (编译源文件“Position.cpp”)
  
D:\luckhome\luckyhome\luckyhome\Thing.h(24,20): error C4430: 缺少类型说明符 - 假定为 int。注意: C++ 不支持默认 int
  (编译源文件“Position.cpp”)
  
D:\luckhome\luckyhome\luckyhome\Thing.h(51,11): error C3646: “getPosition”: 未知重写说明符
  (编译源文件“Position.cpp”)
  
D:\luckhome\luckyhome\luckyhome\Thing.h(51,22): error C2059: 语法错误:“(”
  (编译源文件“Position.cpp”)
  
D:\luckhome\luckyhome\luckyhome\Thing.h(51,24): error C2238: 意外的标记位于“;”之前
  (编译源文件“Position.cpp”)
  
D:\luckhome\luckyhome\luckyhome\Thing.h(52,19): error C2061: 语法错误: 标识符“Position”
  (编译源文件“Position.cpp”)
  
  Rain.cpp
  RainCloud.cpp
  Steelsafe.cpp
  Strawberry.cpp
D:\luckhome\luckyhome\luckyhome\Strawberry.cpp(13,40): error C2676: 二进制“!=”:“Position”不定义该运算符或到预定义运算符可接收的类型的转换
  C:\Program Files\Microsoft Visual Studio\2022\Community\VC\Tools\MSVC\14.39.33519\include\vector(2244,17):
  可能是“bool std::operator !=(const std::vector<_Ty,_Alloc> &,const std::vector<_Ty,_Alloc> &)”
  	D:\luckhome\luckyhome\luckyhome\Strawberry.cpp(13,37):
  	“bool std::operator !=(const std::vector<_Ty,_Alloc> &,const std::vector<_Ty,_Alloc> &)”: 无法从“Position”推导出“const std::vector<_Ty,_Alloc> &”的 模板 参数
  C:\Program Files\Microsoft Visual Studio\2022\Community\VC\Tools\MSVC\14.39.33519\include\map(641,17):
  或    “bool std::operator !=(const std::multimap<_Kty,_Ty,_Pr,_Alloc> &,const std::multimap<_Kty,_Ty,_Pr,_Alloc> &)”
  	D:\luckhome\luckyhome\luckyhome\Strawberry.cpp(13,37):
  	“bool std::operator !=(const std::multimap<_Kty,_Ty,_Pr,_Alloc> &,const std::multimap<_Kty,_Ty,_Pr,_Alloc> &)”: 无法从“Position”推导出“const std::multimap<_Kty,_Ty,_Pr,_Alloc> &”的 模板 参数
  C:\Program Files\Microsoft Visual Studio\2022\Community\VC\Tools\MSVC\14.39.33519\include\map(407,17):
  或    “bool std::operator !=(const std::map<_Kty,_Ty,_Pr,_Alloc> &,const std::map<_Kty,_Ty,_Pr,_Alloc> &)”
  	D:\luckhome\luckyhome\luckyhome\Strawberry.cpp(13,37):
  	“bool std::operator !=(const std::map<_Kty,_Ty,_Pr,_Alloc> &,const std::map<_Kty,_Ty,_Pr,_Alloc> &)”: 无法从“Position”推导出“const std::map<_Kty,_Ty,_Pr,_Alloc> &”的 模板 参数
  C:\Program Files\Microsoft Visual Studio\2022\Community\VC\Tools\MSVC\14.39.33519\include\tuple(887,27):
  或    “bool std::operator !=(const std::tuple<_Types...> &,const std::tuple<_Types...> &)”
  	D:\luckhome\luckyhome\luckyhome\Strawberry.cpp(13,37):
  	“bool std::operator !=(const std::tuple<_Types...> &,const std::tuple<_Types...> &)”: 无法从“Position”推导出“const std::tuple<_Types...> &”的 模板 参数
  C:\Program Files\Microsoft Visual Studio\2022\Community\VC\Tools\MSVC\14.39.33519\include\memory(3534,17):
  或    “bool std::operator !=(std::nullptr_t,const std::unique_ptr<_Ty,_Dx> &) noexcept”
  	D:\luckhome\luckyhome\luckyhome\Strawberry.cpp(13,37):
  	“bool std::operator !=(std::nullptr_t,const std::unique_ptr<_Ty,_Dx> &) noexcept”: 无法从“Position”推导出“const std::unique_ptr<_Ty,_Dx> &”的 模板 参数
  C:\Program Files\Microsoft Visual Studio\2022\Community\VC\Tools\MSVC\14.39.33519\include\memory(3529,17):
  或    “bool std::operator !=(const std::unique_ptr<_Ty,_Dx> &,std::nullptr_t) noexcept”
  	D:\luckhome\luckyhome\luckyhome\Strawberry.cpp(13,37):
  	“bool std::operator !=(const std::unique_ptr<_Ty,_Dx> &,std::nullptr_t) noexcept”: 无法从“Position”推导出“const std::unique_ptr<_Ty,_Dx> &”的 模板 参数
  C:\Program Files\Microsoft Visual Studio\2022\Community\VC\Tools\MSVC\14.39.33519\include\memory(3476,17):
  或    “bool std::operator !=(const std::unique_ptr<_Ty,_Dx> &,const std::unique_ptr<_Ty2,_Dx2> &)”
  	D:\luckhome\luckyhome\luckyhome\Strawberry.cpp(13,37):
  	“bool std::operator !=(const std::unique_ptr<_Ty,_Dx> &,const std::unique_ptr<_Ty2,_Dx2> &)”: 无法从“Position”推导出“const std::unique_ptr<_Ty,_Dx> &”的 模板 参数
  C:\Program Files\Microsoft Visual Studio\2022\Community\VC\Tools\MSVC\14.39.33519\include\memory(1900,17):
  或    “bool std::operator !=(std::nullptr_t,const std::shared_ptr<_Ty> &) noexcept”
  	D:\luckhome\luckyhome\luckyhome\Strawberry.cpp(13,37):
  	“bool std::operator !=(std::nullptr_t,const std::shared_ptr<_Ty> &) noexcept”: 无法从“Position”推导出“const std::shared_ptr<_Ty> &”的 模板 参数
  C:\Program Files\Microsoft Visual Studio\2022\Community\VC\Tools\MSVC\14.39.33519\include\memory(1895,17):
  或    “bool std::operator !=(const std::shared_ptr<_Ty> &,std::nullptr_t) noexcept”
  	D:\luckhome\luckyhome\luckyhome\Strawberry.cpp(13,37):
  	“bool std::operator !=(const std::shared_ptr<_Ty> &,std::nullptr_t) noexcept”: 无法从“Position”推导出“const std::shared_ptr<_Ty> &”的 模板 参数
  C:\Program Files\Microsoft Visual Studio\2022\Community\VC\Tools\MSVC\14.39.33519\include\memory(1853,17):
  或    “bool std::operator !=(const std::shared_ptr<_Ty> &,const std::shared_ptr<_Ty0> &) noexcept”
  	D:\luckhome\luckyhome\luckyhome\Strawberry.cpp(13,37):
  	“bool std::operator !=(const std::shared_ptr<_Ty> &,const std::shared_ptr<_Ty0> &) noexcept”: 无法从“Position”推导出“const std::shared_ptr<_Ty> &”的 模板 参数
  C:\Program Files\Microsoft Visual Studio\2022\Community\VC\Tools\MSVC\14.39.33519\include\xstring(5084,17):
  或    “bool std::operator !=(const std::basic_string<_Elem,_Traits,_Alloc> &,const _Elem *const ) noexcept”
  	D:\luckhome\luckyhome\luckyhome\Strawberry.cpp(13,37):
  	“bool std::operator !=(const std::basic_string<_Elem,_Traits,_Alloc> &,const _Elem *const ) noexcept”: 无法从“Position”推导出“const std::basic_string<_Elem,_Traits,_Alloc> &”的 模板 参数
  C:\Program Files\Microsoft Visual Studio\2022\Community\VC\Tools\MSVC\14.39.33519\include\xstring(5078,17):
  或    “bool std::operator !=(const _Elem *const ,const std::basic_string<_Elem,_Traits,_Alloc> &) noexcept”
  	D:\luckhome\luckyhome\luckyhome\Strawberry.cpp(13,37):
  	“bool std::operator !=(const _Elem *const ,const std::basic_string<_Elem,_Traits,_Alloc> &) noexcept”: 无法从“Position”推导出“const _Elem *const ”的 模板 参数
  C:\Program Files\Microsoft Visual Studio\2022\Community\VC\Tools\MSVC\14.39.33519\include\xstring(5072,17):
  或    “bool std::operator !=(const std::basic_string<_Elem,_Traits,_Alloc> &,const std::basic_string<_Elem,_Traits,_Alloc> &) noexcept”
  	D:\luckhome\luckyhome\luckyhome\Strawberry.cpp(13,37):
  	“bool std::operator !=(const std::basic_string<_Elem,_Traits,_Alloc> &,const std::basic_string<_Elem,_Traits,_Alloc> &) noexcept”: 无法从“Position”推导出“const std::basic_string<_Elem,_Traits,_Alloc> &”的 模板 参数
  C:\Program Files\Microsoft Visual Studio\2022\Community\VC\Tools\MSVC\14.39.33519\include\xmemory(1048,17):
  或    “bool std::operator !=(const std::allocator<_Ty> &,const std::allocator<_Other> &) noexcept”
  	D:\luckhome\luckyhome\luckyhome\Strawberry.cpp(13,37):
  	“bool std::operator !=(const std::allocator<_Ty> &,const std::allocator<_Other> &) noexcept”: 无法从“Position”推导出“const std::allocator<_Ty> &”的 模板 参数
  C:\Program Files\Microsoft Visual Studio\2022\Community\VC\Tools\MSVC\14.39.33519\include\iterator(495,17):
  或    “bool std::operator !=(const std::istreambuf_iterator<_Elem,_Traits> &,const std::istreambuf_iterator<_Elem,_Traits> &)”
  	D:\luckhome\luckyhome\luckyhome\Strawberry.cpp(13,37):
  	“bool std::operator !=(const std::istreambuf_iterator<_Elem,_Traits> &,const std::istreambuf_iterator<_Elem,_Traits> &)”: 无法从“Position”推导出“const std::istreambuf_iterator<_Elem,_Traits> &”的 模板 参数
  C:\Program Files\Microsoft Visual Studio\2022\Community\VC\Tools\MSVC\14.39.33519\include\iterator(313,17):
  或    “bool std::operator !=(const std::istream_iterator<_Ty,_Elem,_Traits,_Diff> &,const std::istream_iterator<_Ty,_Elem,_Traits,_Diff> &) noexcept”
  	D:\luckhome\luckyhome\luckyhome\Strawberry.cpp(13,37):
  	“bool std::operator !=(const std::istream_iterator<_Ty,_Elem,_Traits,_Diff> &,const std::istream_iterator<_Ty,_Elem,_Traits,_Diff> &) noexcept”: 无法从“Position”推导出“const std::istream_iterator<_Ty,_Elem,_Traits,_Diff> &”的 模板 参数
  C:\Program Files\Microsoft Visual Studio\2022\Community\VC\Tools\MSVC\14.39.33519\include\xutility(4243,30):
  或    “bool std::operator !=(const std::move_iterator<_Iter> &,const std::move_iterator<_Iter2> &) noexcept(<expr>)”
  	D:\luckhome\luckyhome\luckyhome\Strawberry.cpp(13,37):
  	“bool std::operator !=(const std::move_iterator<_Iter> &,const std::move_iterator<_Iter2> &) noexcept(<expr>)”: 无法从“Position”推导出“const std::move_iterator<_Iter> &”的 模板 参数
  C:\Program Files\Microsoft Visual Studio\2022\Community\VC\Tools\MSVC\14.39.33519\include\xutility(1701,5):
  或    “bool std::operator !=(const std::reverse_iterator<_BidIt> &,const std::reverse_iterator<_BidIt2> &) noexcept(<expr>)”
  	D:\luckhome\luckyhome\luckyhome\Strawberry.cpp(13,37):
  	“bool std::operator !=(const std::reverse_iterator<_BidIt> &,const std::reverse_iterator<_BidIt2> &) noexcept(<expr>)”: 无法从“Position”推导出“const std::reverse_iterator<_BidIt> &”的 模板 参数
  C:\Program Files\Microsoft Visual Studio\2022\Community\VC\Tools\MSVC\14.39.33519\include\utility(507,27):
  或    “bool std::operator !=(const std::pair<_Ty1,_Ty2> &,const std::pair<_Uty1,_Uty2> &)”
  	D:\luckhome\luckyhome\luckyhome\Strawberry.cpp(13,37):
  	“bool std::operator !=(const std::pair<_Ty1,_Ty2> &,const std::pair<_Uty1,_Uty2> &)”: 无法从“Position”推导出“const std::pair<_Ty1,_Ty2> &”的 模板 参数
  
  Sun.cpp
  Thing.cpp
  Treasure.cpp
  正在生成代码...
